Started GET "/photos" for 127.0.0.1 at 2018-04-22 11:54:50 -0400
  
ActiveRecord::PendingMigrationError (

Migrations are pending. To resolve this issue, run:

        bin/rails db:migrate RAILS_ENV=development

):
  
activerecord (5.2.0) lib/active_record/migration.rb:579:in `check_pending!'
activerecord (5.2.0) lib/active_record/migration.rb:556:in `call'
actionpack (5.2.0) lib/action_dispatch/middleware/callbacks.rb:28:in `block in call'
activesupport (5.2.0) lib/active_support/callbacks.rb:98:in `run_callbacks'
actionpack (5.2.0) lib/action_dispatch/middleware/callbacks.rb:26:in `call'
actionpack (5.2.0) lib/action_dispatch/middleware/executor.rb:14:in `call'
actionpack (5.2.0) lib/action_dispatch/middleware/debug_exceptions.rb:61:in `call'
web-console (3.6.1) lib/web_console/middleware.rb:135:in `call_app'
web-console (3.6.1) lib/web_console/middleware.rb:30:in `block in call'
web-console (3.6.1) lib/web_console/middleware.rb:20:in `catch'
web-console (3.6.1) lib/web_console/middleware.rb:20:in `call'
actionpack (5.2.0) lib/action_dispatch/middleware/show_exceptions.rb:33:in `call'
railties (5.2.0) lib/rails/rack/logger.rb:38:in `call_app'
railties (5.2.0) lib/rails/rack/logger.rb:26:in `block in call'
activesupport (5.2.0) lib/active_support/tagged_logging.rb:71:in `block in tagged'
activesupport (5.2.0) lib/active_support/tagged_logging.rb:28:in `tagged'
activesupport (5.2.0) lib/active_support/tagged_logging.rb:71:in `tagged'
railties (5.2.0) lib/rails/rack/logger.rb:26:in `call'
sprockets-rails (3.2.1) lib/sprockets/rails/quiet_assets.rb:13:in `call'
actionpack (5.2.0) lib/action_dispatch/middleware/remote_ip.rb:81:in `call'
actionpack (5.2.0) lib/action_dispatch/middleware/request_id.rb:27:in `call'
rack (2.0.4) lib/rack/method_override.rb:22:in `call'
rack (2.0.4) lib/rack/runtime.rb:22:in `call'
activesupport (5.2.0) lib/active_support/cache/strategy/local_cache_middleware.rb:29:in `call'
actionpack (5.2.0) lib/action_dispatch/middleware/executor.rb:14:in `call'
actionpack (5.2.0) lib/action_dispatch/middleware/static.rb:127:in `call'
rack (2.0.4) lib/rack/sendfile.rb:111:in `call'
railties (5.2.0) lib/rails/engine.rb:524:in `call'
puma (3.11.4) lib/puma/configuration.rb:225:in `call'
puma (3.11.4) lib/puma/server.rb:632:in `handle_request'
puma (3.11.4) lib/puma/server.rb:446:in `process_client'
puma (3.11.4) lib/puma/server.rb:306:in `block in run'
puma (3.11.4) lib/puma/thread_pool.rb:120:in `block in spawn_thread'
Started GET "/photos" for 127.0.0.1 at 2018-04-22 11:54:53 -0400
  
ActiveRecord::PendingMigrationError (

Migrations are pending. To resolve this issue, run:

        bin/rails db:migrate RAILS_ENV=development

):
  
activerecord (5.2.0) lib/active_record/migration.rb:579:in `check_pending!'
activerecord (5.2.0) lib/active_record/migration.rb:556:in `call'
actionpack (5.2.0) lib/action_dispatch/middleware/callbacks.rb:28:in `block in call'
activesupport (5.2.0) lib/active_support/callbacks.rb:98:in `run_callbacks'
actionpack (5.2.0) lib/action_dispatch/middleware/callbacks.rb:26:in `call'
actionpack (5.2.0) lib/action_dispatch/middleware/executor.rb:14:in `call'
actionpack (5.2.0) lib/action_dispatch/middleware/debug_exceptions.rb:61:in `call'
web-console (3.6.1) lib/web_console/middleware.rb:135:in `call_app'
web-console (3.6.1) lib/web_console/middleware.rb:30:in `block in call'
web-console (3.6.1) lib/web_console/middleware.rb:20:in `catch'
web-console (3.6.1) lib/web_console/middleware.rb:20:in `call'
actionpack (5.2.0) lib/action_dispatch/middleware/show_exceptions.rb:33:in `call'
railties (5.2.0) lib/rails/rack/logger.rb:38:in `call_app'
railties (5.2.0) lib/rails/rack/logger.rb:26:in `block in call'
activesupport (5.2.0) lib/active_support/tagged_logging.rb:71:in `block in tagged'
activesupport (5.2.0) lib/active_support/tagged_logging.rb:28:in `tagged'
activesupport (5.2.0) lib/active_support/tagged_logging.rb:71:in `tagged'
railties (5.2.0) lib/rails/rack/logger.rb:26:in `call'
sprockets-rails (3.2.1) lib/sprockets/rails/quiet_assets.rb:13:in `call'
actionpack (5.2.0) lib/action_dispatch/middleware/remote_ip.rb:81:in `call'
actionpack (5.2.0) lib/action_dispatch/middleware/request_id.rb:27:in `call'
rack (2.0.4) lib/rack/method_override.rb:22:in `call'
rack (2.0.4) lib/rack/runtime.rb:22:in `call'
activesupport (5.2.0) lib/active_support/cache/strategy/local_cache_middleware.rb:29:in `call'
actionpack (5.2.0) lib/action_dispatch/middleware/executor.rb:14:in `call'
actionpack (5.2.0) lib/action_dispatch/middleware/static.rb:127:in `call'
rack (2.0.4) lib/rack/sendfile.rb:111:in `call'
railties (5.2.0) lib/rails/engine.rb:524:in `call'
puma (3.11.4) lib/puma/configuration.rb:225:in `call'
puma (3.11.4) lib/puma/server.rb:632:in `handle_request'
puma (3.11.4) lib/puma/server.rb:446:in `process_client'
puma (3.11.4) lib/puma/server.rb:306:in `block in run'
puma (3.11.4) lib/puma/thread_pool.rb:120:in `block in spawn_thread'
  [1m[35m (0.1ms)[0m  [1m[34mSELECT sqlite_version(*)[0m
  ↳ bin/rails:4
  [1m[35m (2.0ms)[0m  [1m[35mCREATE TABLE "schema_migrations" ("version" varchar NOT NULL PRIMARY KEY)[0m
  ↳ bin/rails:4
  [1m[35m (1.3ms)[0m  [1m[35mCREATE TABLE "ar_internal_metadata" ("key" varchar NOT NULL PRIMARY KEY, "value" varchar, "created_at" datetime NOT NULL, "updated_at" datetime NOT NULL)[0m
  ↳ bin/rails:4
  [1m[35m (0.2ms)[0m  [1m[34mSELECT "schema_migrations"."version" FROM "schema_migrations" ORDER BY "schema_migrations"."version" ASC[0m
  ↳ bin/rails:4
Migrating to CreatePictures (20180421014934)
  [1m[35m (0.1ms)[0m  [1m[36mbegin transaction[0m
  ↳ bin/rails:4
  [1m[35m (0.5ms)[0m  [1m[35mCREATE TABLE "pictures" ("id" integer PRIMARY KEY AUTOINCREMENT NOT NULL, "title" varchar, "url" varchar, "created_at" datetime NOT NULL, "updated_at" datetime NOT NULL)[0m
  ↳ db/migrate/20180421014934_create_pictures.rb:3
  [1m[36mActiveRecord::SchemaMigration Create (0.2ms)[0m  [1m[32mINSERT INTO "schema_migrations" ("version") VALUES (?)[0m  [["version", "20180421014934"]]
  ↳ bin/rails:4
  [1m[35m (1.3ms)[0m  [1m[36mcommit transaction[0m
  ↳ bin/rails:4
Migrating to CreatePhotos (20180421121019)
  [1m[35m (0.1ms)[0m  [1m[36mbegin transaction[0m
  ↳ bin/rails:4
  [1m[35m (0.4ms)[0m  [1m[35mCREATE TABLE "photos" ("id" integer PRIMARY KEY AUTOINCREMENT NOT NULL, "title" varchar, "description" text, "file" varchar, "created_at" datetime NOT NULL, "updated_at" datetime NOT NULL)[0m
  ↳ db/migrate/20180421121019_create_photos.rb:3
  [1m[36mActiveRecord::SchemaMigration Create (0.2ms)[0m  [1m[32mINSERT INTO "schema_migrations" ("version") VALUES (?)[0m  [["version", "20180421121019"]]
  ↳ bin/rails:4
  [1m[35m (1.0ms)[0m  [1m[36mcommit transaction[0m
  ↳ bin/rails:4
  [1m[36mActiveRecord::InternalMetadata Load (0.3ms)[0m  [1m[34mSELECT  "ar_internal_metadata".* FROM "ar_internal_metadata" WHERE "ar_internal_metadata"."key" = ? LIMIT ?[0m  [["key", "environment"], ["LIMIT", 1]]
  ↳ bin/rails:4
  [1m[35m (0.1ms)[0m  [1m[36mbegin transaction[0m
  ↳ bin/rails:4
  [1m[36mActiveRecord::InternalMetadata Create (0.5ms)[0m  [1m[32mINSERT INTO "ar_internal_metadata" ("key", "value", "created_at", "updated_at") VALUES (?, ?, ?, ?)[0m  [["key", "environment"], ["value", "development"], ["created_at", "2018-04-22 15:55:18.369483"], ["updated_at", "2018-04-22 15:55:18.369483"]]
  ↳ bin/rails:4
  [1m[35m (0.9ms)[0m  [1m[36mcommit transaction[0m
  ↳ bin/rails:4
  [1m[35m (0.1ms)[0m  [1m[34mSELECT "schema_migrations"."version" FROM "schema_migrations" ORDER BY "schema_migrations"."version" ASC[0m
  ↳ bin/rails:4
Started GET "/photos" for 127.0.0.1 at 2018-04-22 11:55:25 -0400
Started GET "/photos" for 127.0.0.1 at 2018-04-22 11:55:35 -0400
  [1m[35m (0.4ms)[0m  [1m[34mSELECT "schema_migrations"."version" FROM "schema_migrations" ORDER BY "schema_migrations"."version" ASC[0m
  ↳ /usr/local/lib/ruby/gems/2.5.0/gems/activerecord-5.2.0/lib/active_record/log_subscriber.rb:98
Processing by PhotosController#index as HTML
  Rendering photos/index.html.erb within layouts/application
  Rendered photos/index.html.erb within layouts/application (1129.6ms)
Completed 200 OK in 1427ms (Views: 1240.6ms | ActiveRecord: 0.0ms)


Processing by PhotosController#index as HTML
  Rendering photos/index.html.erb within layouts/application
  Rendered photos/index.html.erb within layouts/application (4.7ms)
Completed 200 OK in 325ms (Views: 36.9ms | ActiveRecord: 0.0ms)


Started GET "/photos" for 127.0.0.1 at 2018-04-22 12:02:00 -0400
  [1m[35m (0.4ms)[0m  [1m[34mSELECT "schema_migrations"."version" FROM "schema_migrations" ORDER BY "schema_migrations"."version" ASC[0m
  ↳ /usr/local/lib/ruby/gems/2.5.0/gems/activerecord-5.2.0/lib/active_record/log_subscriber.rb:98
Processing by PhotosController#index as HTML
  Rendering photos/index.html.erb within layouts/application
  Rendered photos/index.html.erb within layouts/application (613.4ms)
Completed 200 OK in 909ms (Views: 782.0ms | ActiveRecord: 0.0ms)


Started GET "/photos" for 127.0.0.1 at 2018-04-22 12:31:13 -0400
Processing by PhotosController#index as HTML
  Rendering photos/index.html.erb within layouts/application
  Rendered photos/index.html.erb within layouts/application (24.9ms)
Completed 500 Internal Server Error in 144ms (ActiveRecord: 0.0ms)


  
ActionView::Template::Error (The asset "assets/images/loading.gif" is not present in the asset pipeline.):
    1: 
    2: <!-- working on loading gif -->
    3: 
    4: <%= image_tag("assets/images/loading.gif") %>
    5: 
    6: 
    7: 
  
app/views/photos/index.html.erb:4:in `_app_views_photos_index_html_erb___2765059589491217321_70359832781060'
Started GET "/photos" for 127.0.0.1 at 2018-04-22 12:32:14 -0400
Processing by PhotosController#index as HTML
  Rendering photos/index.html.erb within layouts/application
  Rendered photos/index.html.erb within layouts/application (3.3ms)
Completed 200 OK in 282ms (Views: 181.4ms | ActiveRecord: 0.0ms)


  
ActionController::RoutingError (No route matches [GET] "/assetsimages/loading.gif"):
  
actionpack (5.2.0) lib/action_dispatch/middleware/debug_exceptions.rb:65:in `call'
web-console (3.6.1) lib/web_console/middleware.rb:135:in `call_app'
web-console (3.6.1) lib/web_console/middleware.rb:30:in `block in call'
web-console (3.6.1) lib/web_console/middleware.rb:20:in `catch'
web-console (3.6.1) lib/web_console/middleware.rb:20:in `call'
actionpack (5.2.0) lib/action_dispatch/middleware/show_exceptions.rb:33:in `call'
railties (5.2.0) lib/rails/rack/logger.rb:38:in `call_app'
railties (5.2.0) lib/rails/rack/logger.rb:26:in `block in call'
activesupport (5.2.0) lib/active_support/tagged_logging.rb:71:in `block in tagged'
activesupport (5.2.0) lib/active_support/tagged_logging.rb:28:in `tagged'
activesupport (5.2.0) lib/active_support/tagged_logging.rb:71:in `tagged'
railties (5.2.0) lib/rails/rack/logger.rb:26:in `call'
sprockets-rails (3.2.1) lib/sprockets/rails/quiet_assets.rb:11:in `block in call'
activesupport (5.2.0) lib/active_support/logger_silence.rb:21:in `silence'
activesupport (5.2.0) lib/active_support/logger.rb:65:in `block (3 levels) in broadcast'
activesupport (5.2.0) lib/active_support/logger_silence.rb:21:in `silence'
activesupport (5.2.0) lib/active_support/logger.rb:63:in `block (2 levels) in broadcast'
sprockets-rails (3.2.1) lib/sprockets/rails/quiet_assets.rb:11:in `call'
actionpack (5.2.0) lib/action_dispatch/middleware/remote_ip.rb:81:in `call'
actionpack (5.2.0) lib/action_dispatch/middleware/request_id.rb:27:in `call'
rack (2.0.4) lib/rack/method_override.rb:22:in `call'
rack (2.0.4) lib/rack/runtime.rb:22:in `call'
activesupport (5.2.0) lib/active_support/cache/strategy/local_cache_middleware.rb:29:in `call'
actionpack (5.2.0) lib/action_dispatch/middleware/executor.rb:14:in `call'
actionpack (5.2.0) lib/action_dispatch/middleware/static.rb:127:in `call'
rack (2.0.4) lib/rack/sendfile.rb:111:in `call'
railties (5.2.0) lib/rails/engine.rb:524:in `call'
puma (3.11.4) lib/puma/configuration.rb:225:in `call'
puma (3.11.4) lib/puma/server.rb:632:in `handle_request'
puma (3.11.4) lib/puma/server.rb:446:in `process_client'
puma (3.11.4) lib/puma/server.rb:306:in `block in run'
puma (3.11.4) lib/puma/thread_pool.rb:120:in `block in spawn_thread'
Started GET "/photos" for 127.0.0.1 at 2018-04-22 12:34:50 -0400
Processing by PhotosController#index as HTML
  Rendering photos/index.html.erb within layouts/application
  Rendered photos/index.html.erb within layouts/application (4.8ms)
Completed 200 OK in 205ms (Views: 94.4ms | ActiveRecord: 0.0ms)


Started GET "/photos" for 127.0.0.1 at 2018-04-22 12:36:17 -0400
Processing by PhotosController#index as HTML
  Rendering photos/index.html.erb within layouts/application
  Rendered photos/index.html.erb within layouts/application (4.3ms)
Completed 200 OK in 143ms (Views: 46.7ms | ActiveRecord: 0.0ms)


Started GET "/photos" for 127.0.0.1 at 2018-04-22 12:37:06 -0400
Processing by PhotosController#index as HTML
  Rendering photos/index.html.erb within layouts/application
  Rendered photos/index.html.erb within layouts/application (3.8ms)
Completed 200 OK in 133ms (Views: 37.6ms | ActiveRecord: 0.0ms)


Started GET "/photos" for 127.0.0.1 at 2018-04-22 12:37:17 -0400
Processing by PhotosController#index as HTML
  Rendering photos/index.html.erb within layouts/application
  Rendered photos/index.html.erb within layouts/application (3.0ms)
Completed 200 OK in 139ms (Views: 42.3ms | ActiveRecord: 0.0ms)


Started GET "/photos" for 127.0.0.1 at 2018-04-22 12:39:00 -0400
Processing by PhotosController#index as HTML
  Rendering photos/index.html.erb within layouts/application
  Rendered photos/index.html.erb within layouts/application (3.6ms)
Completed 200 OK in 136ms (Views: 40.9ms | ActiveRecord: 0.0ms)


Started GET "/photos" for 127.0.0.1 at 2018-04-22 12:41:27 -0400
Processing by PhotosController#index as HTML
  Rendering photos/index.html.erb within layouts/application
  Rendered photos/index.html.erb within layouts/application (3.4ms)
Completed 200 OK in 234ms (Views: 142.6ms | ActiveRecord: 0.0ms)


Started GET "/photos" for 127.0.0.1 at 2018-04-22 12:47:27 -0400
Processing by PhotosController#index as HTML
  Rendering photos/index.html.erb within layouts/application
  Rendered photos/index.html.erb within layouts/application (3.1ms)
Completed 200 OK in 221ms (Views: 127.0ms | ActiveRecord: 0.0ms)


Started GET "/photos" for 127.0.0.1 at 2018-04-22 13:06:39 -0400
Processing by PhotosController#index as HTML
  Rendering photos/index.html.erb within layouts/application
  [1m[36mPhoto Load (0.2ms)[0m  [1m[34mSELECT  "photos".* FROM "photos" LIMIT ?[0m  [["LIMIT", 11]]
  ↳ /usr/local/lib/ruby/gems/2.5.0/gems/activerecord-5.2.0/lib/active_record/log_subscriber.rb:98
  [1m[36mCACHE Photo Load (0.0ms)[0m  [1m[34mSELECT  "photos".* FROM "photos" LIMIT ?[0m  [["LIMIT", 11]]
  ↳ /usr/local/lib/ruby/gems/2.5.0/gems/activerecord-5.2.0/lib/active_record/log_subscriber.rb:98
  [1m[36mCACHE Photo Load (0.0ms)[0m  [1m[34mSELECT  "photos".* FROM "photos" LIMIT ?[0m  [["LIMIT", 11]]
  ↳ /usr/local/lib/ruby/gems/2.5.0/gems/activerecord-5.2.0/lib/active_record/log_subscriber.rb:98
  [1m[36mCACHE Photo Load (0.0ms)[0m  [1m[34mSELECT  "photos".* FROM "photos" LIMIT ?[0m  [["LIMIT", 11]]
  ↳ /usr/local/lib/ruby/gems/2.5.0/gems/activerecord-5.2.0/lib/active_record/log_subscriber.rb:98
  Rendered photos/index.html.erb within layouts/application (212.8ms)
Completed 500 Internal Server Error in 331ms (ActiveRecord: 0.7ms)


  
ActionView::Template::Error (undefined method `remote_function' for #<#<Class:0x00007ffbd5d91f38>:0x00007ffbd5437820>):
    1: 
    2: <!-- working on loading gif -->
    3: <body>
    4: <body onload="<%= remote_function(:url => { :action => :get_content_to_display } ) %>">
    5: </body>
    6: <!-- <%= image_tag("/assetsimages/loading.gif") %> -->
    7: 
  
app/views/photos/index.html.erb:4:in `_app_views_photos_index_html_erb___2765059589491217321_70359799881880'
Started GET "/" for 127.0.0.1 at 2018-04-22 13:18:39 -0400
  [1m[35m (0.2ms)[0m  [1m[34mSELECT "schema_migrations"."version" FROM "schema_migrations" ORDER BY "schema_migrations"."version" ASC[0m
  ↳ /usr/local/lib/ruby/gems/2.5.0/gems/activerecord-5.2.0/lib/active_record/log_subscriber.rb:98
Processing by PhotosController#home as HTML
  Rendering photos/home.html.erb within layouts/application
  Rendered photos/home.html.erb within layouts/application (1.0ms)
Completed 200 OK in 636ms (Views: 623.8ms | ActiveRecord: 0.0ms)


Started GET "/photos" for 127.0.0.1 at 2018-04-22 13:18:49 -0400
Processing by PhotosController#index as HTML
  Rendering photos/index.html.erb within layouts/application
  [1m[36mPhoto Load (0.2ms)[0m  [1m[34mSELECT  "photos".* FROM "photos" LIMIT ?[0m  [["LIMIT", 11]]
  ↳ /usr/local/lib/ruby/gems/2.5.0/gems/activerecord-5.2.0/lib/active_record/log_subscriber.rb:98
  [1m[36mCACHE Photo Load (0.0ms)[0m  [1m[34mSELECT  "photos".* FROM "photos" LIMIT ?[0m  [["LIMIT", 11]]
  ↳ /usr/local/lib/ruby/gems/2.5.0/gems/activerecord-5.2.0/lib/active_record/log_subscriber.rb:98
  [1m[36mCACHE Photo Load (0.0ms)[0m  [1m[34mSELECT  "photos".* FROM "photos" LIMIT ?[0m  [["LIMIT", 11]]
  ↳ /usr/local/lib/ruby/gems/2.5.0/gems/activerecord-5.2.0/lib/active_record/log_subscriber.rb:98
  [1m[36mCACHE Photo Load (0.0ms)[0m  [1m[34mSELECT  "photos".* FROM "photos" LIMIT ?[0m  [["LIMIT", 11]]
  ↳ /usr/local/lib/ruby/gems/2.5.0/gems/activerecord-5.2.0/lib/active_record/log_subscriber.rb:98
  Rendered photos/index.html.erb within layouts/application (209.1ms)
Completed 500 Internal Server Error in 328ms (ActiveRecord: 0.6ms)


  
ActionView::Template::Error (undefined method `remote_function' for #<#<Class:0x00007fd754527a50>:0x00007fd75334c628>):
    1: 
    2: <!-- working on loading gif -->
    3: <body>
    4: <body onload="<%= remote_function(:url => { :action => :get_content_to_display } ) %>">
    5: </body>
    6: <!-- <%= image_tag("/assetsimages/loading.gif") %> -->
    7: 
  
app/views/photos/index.html.erb:4:in `_app_views_photos_index_html_erb__193503873203896122_70281395334860'
Started GET "/photos/home" for 127.0.0.1 at 2018-04-22 13:18:51 -0400
Processing by PhotosController#show as HTML
  Parameters: {"id"=>"home"}
  [1m[36mPhoto Load (0.4ms)[0m  [1m[34mSELECT  "photos".* FROM "photos" WHERE "photos"."id" = ? LIMIT ?[0m  [["id", 0], ["LIMIT", 1]]
  ↳ app/controllers/photos_controller.rb:83
Completed 404 Not Found in 8ms (ActiveRecord: 1.2ms)


  
ActiveRecord::RecordNotFound (Couldn't find Photo with 'id'=home):
  
app/controllers/photos_controller.rb:83:in `set_photo'
Started GET "/photos" for 127.0.0.1 at 2018-04-22 13:19:06 -0400
Processing by PhotosController#index as HTML
  Rendering photos/index.html.erb within layouts/application
  [1m[36mPhoto Load (0.2ms)[0m  [1m[34mSELECT  "photos".* FROM "photos" LIMIT ?[0m  [["LIMIT", 11]]
  ↳ /usr/local/lib/ruby/gems/2.5.0/gems/activerecord-5.2.0/lib/active_record/log_subscriber.rb:98
  [1m[36mCACHE Photo Load (0.0ms)[0m  [1m[34mSELECT  "photos".* FROM "photos" LIMIT ?[0m  [["LIMIT", 11]]
  ↳ /usr/local/lib/ruby/gems/2.5.0/gems/activerecord-5.2.0/lib/active_record/log_subscriber.rb:98
  [1m[36mCACHE Photo Load (0.0ms)[0m  [1m[34mSELECT  "photos".* FROM "photos" LIMIT ?[0m  [["LIMIT", 11]]
  ↳ /usr/local/lib/ruby/gems/2.5.0/gems/activerecord-5.2.0/lib/active_record/log_subscriber.rb:98
  [1m[36mCACHE Photo Load (0.0ms)[0m  [1m[34mSELECT  "photos".* FROM "photos" LIMIT ?[0m  [["LIMIT", 11]]
  ↳ /usr/local/lib/ruby/gems/2.5.0/gems/activerecord-5.2.0/lib/active_record/log_subscriber.rb:98
  Rendered photos/index.html.erb within layouts/application (146.0ms)
Completed 500 Internal Server Error in 252ms (ActiveRecord: 0.2ms)


  
ActionView::Template::Error (undefined method `remote_function' for #<#<Class:0x00007fd754527a50>:0x00007fd7546b1038>):
    1: 
    2: <!-- working on loading gif -->
    3: <body>
    4: <body onload="<%= remote_function(:url => { :action => :get_content_to_display } ) %>">
    5: </body>
    6: <!-- <%= image_tag("/assetsimages/loading.gif") %> -->
    7: 
  
app/views/photos/index.html.erb:4:in `_app_views_photos_index_html_erb__193503873203896122_70281405502300'
Started GET "/photos" for 127.0.0.1 at 2018-04-22 13:19:44 -0400
Processing by PhotosController#index as HTML
  Rendering photos/index.html.erb within layouts/application
  Rendered photos/index.html.erb within layouts/application (4.6ms)
Completed 200 OK in 153ms (Views: 56.3ms | ActiveRecord: 0.0ms)


  
ActionController::RoutingError (No route matches [GET] "/assetsimages/loading.gif"):
  
actionpack (5.2.0) lib/action_dispatch/middleware/debug_exceptions.rb:65:in `call'
web-console (3.6.1) lib/web_console/middleware.rb:135:in `call_app'
web-console (3.6.1) lib/web_console/middleware.rb:30:in `block in call'
web-console (3.6.1) lib/web_console/middleware.rb:20:in `catch'
web-console (3.6.1) lib/web_console/middleware.rb:20:in `call'
actionpack (5.2.0) lib/action_dispatch/middleware/show_exceptions.rb:33:in `call'
railties (5.2.0) lib/rails/rack/logger.rb:38:in `call_app'
railties (5.2.0) lib/rails/rack/logger.rb:26:in `block in call'
activesupport (5.2.0) lib/active_support/tagged_logging.rb:71:in `block in tagged'
activesupport (5.2.0) lib/active_support/tagged_logging.rb:28:in `tagged'
activesupport (5.2.0) lib/active_support/tagged_logging.rb:71:in `tagged'
railties (5.2.0) lib/rails/rack/logger.rb:26:in `call'
sprockets-rails (3.2.1) lib/sprockets/rails/quiet_assets.rb:11:in `block in call'
activesupport (5.2.0) lib/active_support/logger_silence.rb:21:in `silence'
activesupport (5.2.0) lib/active_support/logger.rb:65:in `block (3 levels) in broadcast'
activesupport (5.2.0) lib/active_support/logger_silence.rb:21:in `silence'
activesupport (5.2.0) lib/active_support/logger.rb:63:in `block (2 levels) in broadcast'
sprockets-rails (3.2.1) lib/sprockets/rails/quiet_assets.rb:11:in `call'
actionpack (5.2.0) lib/action_dispatch/middleware/remote_ip.rb:81:in `call'
actionpack (5.2.0) lib/action_dispatch/middleware/request_id.rb:27:in `call'
rack (2.0.4) lib/rack/method_override.rb:22:in `call'
rack (2.0.4) lib/rack/runtime.rb:22:in `call'
activesupport (5.2.0) lib/active_support/cache/strategy/local_cache_middleware.rb:29:in `call'
actionpack (5.2.0) lib/action_dispatch/middleware/executor.rb:14:in `call'
actionpack (5.2.0) lib/action_dispatch/middleware/static.rb:127:in `call'
rack (2.0.4) lib/rack/sendfile.rb:111:in `call'
railties (5.2.0) lib/rails/engine.rb:524:in `call'
puma (3.11.4) lib/puma/configuration.rb:225:in `call'
puma (3.11.4) lib/puma/server.rb:632:in `handle_request'
puma (3.11.4) lib/puma/server.rb:446:in `process_client'
puma (3.11.4) lib/puma/server.rb:306:in `block in run'
puma (3.11.4) lib/puma/thread_pool.rb:120:in `block in spawn_thread'
Started GET "/" for 127.0.0.1 at 2018-04-22 13:19:53 -0400
Processing by PhotosController#home as HTML
  Rendering photos/home.html.erb within layouts/application
  Rendered photos/home.html.erb within layouts/application (0.7ms)
Completed 200 OK in 33ms (Views: 30.5ms | ActiveRecord: 0.0ms)


Started GET "/" for 127.0.0.1 at 2018-04-22 13:31:08 -0400
Processing by PhotosController#home as HTML
  Rendering photos/home.html.erb within layouts/application
  Rendered photos/home.html.erb within layouts/application (0.3ms)
Completed 200 OK in 41ms (Views: 38.3ms | ActiveRecord: 0.0ms)


Started GET "/photos" for 127.0.0.1 at 2018-04-22 13:31:13 -0400
Processing by PhotosController#index as HTML
  Rendering photos/index.html.erb within layouts/application
  Rendered photos/index.html.erb within layouts/application (2.9ms)
Completed 200 OK in 175ms (Views: 33.7ms | ActiveRecord: 0.0ms)


  
ActionController::RoutingError (No route matches [GET] "/assetsimages/loading.gif"):
  
actionpack (5.2.0) lib/action_dispatch/middleware/debug_exceptions.rb:65:in `call'
web-console (3.6.1) lib/web_console/middleware.rb:135:in `call_app'
web-console (3.6.1) lib/web_console/middleware.rb:30:in `block in call'
web-console (3.6.1) lib/web_console/middleware.rb:20:in `catch'
web-console (3.6.1) lib/web_console/middleware.rb:20:in `call'
actionpack (5.2.0) lib/action_dispatch/middleware/show_exceptions.rb:33:in `call'
railties (5.2.0) lib/rails/rack/logger.rb:38:in `call_app'
railties (5.2.0) lib/rails/rack/logger.rb:26:in `block in call'
activesupport (5.2.0) lib/active_support/tagged_logging.rb:71:in `block in tagged'
activesupport (5.2.0) lib/active_support/tagged_logging.rb:28:in `tagged'
activesupport (5.2.0) lib/active_support/tagged_logging.rb:71:in `tagged'
railties (5.2.0) lib/rails/rack/logger.rb:26:in `call'
sprockets-rails (3.2.1) lib/sprockets/rails/quiet_assets.rb:11:in `block in call'
activesupport (5.2.0) lib/active_support/logger_silence.rb:21:in `silence'
activesupport (5.2.0) lib/active_support/logger.rb:65:in `block (3 levels) in broadcast'
activesupport (5.2.0) lib/active_support/logger_silence.rb:21:in `silence'
activesupport (5.2.0) lib/active_support/logger.rb:63:in `block (2 levels) in broadcast'
sprockets-rails (3.2.1) lib/sprockets/rails/quiet_assets.rb:11:in `call'
actionpack (5.2.0) lib/action_dispatch/middleware/remote_ip.rb:81:in `call'
actionpack (5.2.0) lib/action_dispatch/middleware/request_id.rb:27:in `call'
rack (2.0.4) lib/rack/method_override.rb:22:in `call'
rack (2.0.4) lib/rack/runtime.rb:22:in `call'
activesupport (5.2.0) lib/active_support/cache/strategy/local_cache_middleware.rb:29:in `call'
actionpack (5.2.0) lib/action_dispatch/middleware/executor.rb:14:in `call'
actionpack (5.2.0) lib/action_dispatch/middleware/static.rb:127:in `call'
rack (2.0.4) lib/rack/sendfile.rb:111:in `call'
railties (5.2.0) lib/rails/engine.rb:524:in `call'
puma (3.11.4) lib/puma/configuration.rb:225:in `call'
puma (3.11.4) lib/puma/server.rb:632:in `handle_request'
puma (3.11.4) lib/puma/server.rb:446:in `process_client'
puma (3.11.4) lib/puma/server.rb:306:in `block in run'
puma (3.11.4) lib/puma/thread_pool.rb:120:in `block in spawn_thread'
